63685737749190	[verb]	Native.GetInstance: Native plugin loaded (351102816)
63685737749838	[verb]	Calling into native to Intialise
63685737749838	[verb]	Native.TestFunction: Testing with value -37315250
63685737749838	[verb]	ViewRInterface.Awake: has awoken from ancient tomb
63685737749838	[verb]	ViewRInterface.Awake: getting new Instance of native
63685737749843	[verb]	ViewRInterface.Awake: Assigning events
63685737749844	[verb]	ViewRInterface.Awake: Waiting for connection
63685737749845	[verb]	ViewRInterface.Awake: Setup Error is None
63685737749845	[verb]	DeviceManager.WaitForDataConnection: started
63685737749845	[verb]	DeviceManager.WaitForDataConnection: starting listen for broadcast thread
63685737749845	[verb]	ViewRInterface.Awake: Updating tracking refs
63685737749845	[verb]	DeviceManager.WaitForDataConnection: is alive
63685737749845	[verb]	DeviceManager.WaitForDataConnection: listen for broadcast thread started
63685737749845	[verb]	DeviceManager.ListenForClients: Listen Start
63685737749845	[verb]	ViewRInterface.Awake: Awake has finished
63685737749846	[verb]	DeviceManager.ListenForClients: IPEndPoint set
63685737749846	[verb]	DeviceManager.ListenForClients: Broadcast Enabled
63685737749847	[verb]	DeviceManager.WaitForDataConnection: Listening to connections on: fe80::d43c:9a46:e66a:2ac1, 192.168.0.111 on port 42424
63685737749847	[verb]	ViewR Interface: Listening to connections on: fe80::d43c:9a46:e66a:2ac1, 192.168.0.111 on port 42424
63685737749848	[verb]	DeviceManager.WaitForDataConnection: entering loop
63685737749848	[verb]	DeviceManager.WaitForDataConnection: handle reset
63685737749848	[verb]	AttachARCoreTracker.OnEnable: Enabled
63685737749875	[verb]	AttachARCoreTracker.Start: Registering Listener
63685737751362	[verb]	DeviceManager.DataClientAccept: Client connected. Waiting for device registration.
63685737751362	[verb]	DeviceManager.WaitForDataConnection: handle reset
63685737753915	[verb]	ViewRInterface.ConnectDevices: connecting 1 devices
63685737753915	[verb]	ViewRInterface.ConnectDevices: connecting new device
63685737753916	[verb]	ViewRInterface.ConnectDevices: instantiated object
63685737753916	[verb]	ViewRInterface.ConnectDevices: checking for duplicate device
63685737753917	[verb]	ViewRInterface.ConnectDevices: invoking on connect event
63685737753919	[verb]	AttachFeatureRequester.OnClientConnected: Adding Feature Requester
63685737753919	[verb]	ViewRInterface.ConnectDevices: finished connecting all devices
63685737753920	[verb]	RequestFeatures.Start: Started
63685737753920	[verb]	RequestFeatures.Start: Summoning Delayed request
63685737753920	[verb]	RequestFeatures.RequestCapabilities: waiting 2s
63685737753920	[verb]	ViewrCameraController.Start: Starting
63685737753928	[verb]	ViewrCameraController.RepositionCameraHolder: skipping repositioning due to not being externally tracked
63685737755479	[verb]	ViewrCameraController.StartStream: starting native connection
63685737755480	[verb]	ViewrCameraController.StartStream: creating unity components for scene cam
63685737755480	[verb]	ViewrCameraController.CreateCamera: Called with type Calculate
63685737755480	[verb]	ViewrCameraController.CreateCamera: creating new camera from scratch
63685737755480	[verb]	ViewrCameraController.CreateCamera: sanitising game object
63685737755480	[verb]	ViewrCameraController.CreateCamera: removing child objects
63685737755480	[verb]	ViewrCameraController.CreateCamera: removing audio listener
63685737755481	[verb]	ViewrCameraController.CreateCamera: scripts attached to template (Camera)
63685737755482	[verb]	ViewrCameraController.ConfigureCameraFromConfig: setting culling layers
63685737755482	[verb]	ViewrCameraController.ConfigureCameraFromConfig: current mask is     11111111111111111111111111111111
63685737755482	[verb]	ViewrCameraController.ConfigureCameraFromConfig: current mask is now 11111111111111111111111111111111
63685737755482	[verb]	ViewrCameraController.ConfigureCameraFromConfig: AllowHDR is False
63685737755482	[verb]	ViewrCamera.StartCamera: starting Camera
63685737755482	[verb]	ViewrCamera.StartCamera: creating texture for scene/record
63685737755483	[verb]	ViewrCamera.StartCamera: registering texture to native
63685737755492	[verb]	ViewrCamera.StartCamera: creating command buffer
63685737755492	[verb]	ViewrCamera: eventID is 05-00-00-00 from type 00-00-00-00 and deviceInt 05-00
63685737755492	[verb]	ViewrCamera.AttachCameraComponents: adding rt to camera
63685737755492	[verb]	ViewrCamera.AttachCameraComponents: adding command buffer
63685737755493	[verb]	ViewrCamera.AttachCameraComponents: adding command buffer
63685737755493	[verb]	ViewrCameraController.StartStream: no issues creating scene camera
63685737755494	[verb]	ViewrCameraController.StartStream: creating unity components for touch cam
63685737755494	[verb]	ViewrCameraController.CreateCamera: Called with type Default
63685737755494	[verb]	ViewrCameraController.CreateCamera: creating new camera from scratch
63685737755494	[verb]	ViewrCameraController.CreateCamera: sanitising game object
63685737755494	[verb]	ViewrCameraController.CreateCamera: removing child objects
63685737755494	[verb]	ViewrCameraController.CreateCamera: removing audio listener
63685737755494	[verb]	ViewrCameraController.CreateCamera: scripts attached to template (Camera)
63685737755494	[verb]	ViewrCameraController.ConfigureCameraFromConfig: setting culling layers
63685737755494	[verb]	ViewrCameraController.ConfigureCameraFromConfig: current mask is     11111111111111111111111111111111
63685737755494	[verb]	ViewrCameraController.ConfigureCameraFromConfig: current mask is now 11111111111111111111111111111111
63685737755494	[verb]	ViewrCameraController.ConfigureCameraFromConfig: AllowHDR is False
63685737755494	[verb]	ViewrCamera.StartCamera: starting Camera
63685737755494	[verb]	ViewrCamera.StartCamera: creating texture for touch
63685737755494	[verb]	ViewrCamera.StartCamera: registering texture to native
63685737755494	[verb]	ViewrCamera.StartCamera: creating command buffer
63685737755494	[verb]	ViewrCamera: eventID is 05-01-00-00 from type 01-00-00-00 and deviceInt 05-00
63685737755494	[verb]	ViewrCamera.AttachCameraComponents: adding rt to camera
63685737755494	[verb]	ViewrCamera.AttachCameraComponents: adding command buffer
63685737755494	[verb]	ViewrCamera.AttachCameraComponents: adding command buffer
63685737755507	[verb]	ViewRCameraController.AlignToParent: aligning Scene Camera to DeviceCamera
63685737755507	[verb]	ViewRCameraController.AlignToParent: aligning Touch Camera to DeviceCamera
63685737755925	[verb]	RequestFeatures.RequestCapabilities: set values
63685737768528	[verb]	DeviceManager.WaitForDataConnection: ended
63685737768529	[verb]	DeviceManager.ListenForClients: System.Net.Sockets.SocketException: 中止操作被 WSACancelBlockingCall 呼叫打斷。

  at System.Net.Sockets.Socket.ReceiveFrom_nochecks_exc (System.Byte[] buf, Int32 offset, Int32 size, SocketFlags flags, System.Net.EndPoint& remote_end, Boolean throwOnError, System.Int32& error) [0x00000] in <filename unknown>:0 
  at System.Net.Sockets.Socket.ReceiveFrom_nochecks (System.Byte[] buf, Int32 offset, Int32 size, SocketFlags flags, System.Net.EndPoint& remote_end) [0x00000] in <filename unknown>:0 
  at System.Net.Sockets.Socket.ReceiveFrom (System.Byte[] buffer, System.Net.EndPoint& remoteEP) [0x00000] in <filename unknown>:0 
  at System.Net.Sockets.UdpClient.Receive (System.Net.IPEndPoint& remoteEP) [0x00000] in <filename unknown>:0 
  at Include.VR.ViewR.Networking.DeviceManager.ListenForClients () [0x0004b] in C:\Users\CYao\Documents\Projects\Include\ViewR\viewr-core\cs-server\VideoSinkServer\DeviceManager.cs:136 
